<html>
<head>
<title>TestNG:  Test</title>
<link href="../testng.css" rel="stylesheet" type="text/css" />
<link href="../my-testng.css" rel="stylesheet" type="text/css" />

<style type="text/css">
.log { display: none;} 
.stack-trace { display: none;} 
</style>
<script type="text/javascript">
<!--
function flip(e) {
  current = e.style.display;
  if (current == 'block') {
    e.style.display = 'none';
    return 0;
  }
  else {
    e.style.display = 'block';
    return 1;
  }
}

function toggleBox(szDivId, elem, msg1, msg2)
{
  var res = -1;  if (document.getElementById) {
    res = flip(document.getElementById(szDivId));
  }
  else if (document.all) {
    // this is the way old msie versions work
    res = flip(document.all[szDivId]);
  }
  if(elem) {
    if(res == 0) elem.innerHTML = msg1; else elem.innerHTML = msg2;
  }

}

function toggleAllBoxes() {
  if (document.getElementsByTagName) {
    d = document.getElementsByTagName('div');
    for (i = 0; i < d.length; i++) {
      if (d[i].className == 'log') {
        flip(d[i]);
      }
    }
  }
}

// -->
</script>

</head>
<body>
<h2 align='center'>Test</h2><table border='1' align="center">
<tr>
<td>Tests passed/Failed/Skipped:</td><td>93/8/0</td>
</tr><tr>
<td>Started on:</td><td>Fri Nov 17 20:57:01 EST 2023</td>
</tr>
<tr><td>Total time:</td><td>0 seconds (202 ms)</td>
</tr><tr>
<td>Included groups:</td><td></td>
</tr><tr>
<td>Excluded groups:</td><td></td>
</tr>
</table><p/>
<small><i>(Hover the method name to see the test class name)</i></small><p/>
<table width='100%' border='1' class='invocation-failed'>
<tr><td colspan='4' align='center'><b>FAILED TESTS</b></td></tr>
<tr><td><b>Test method</b></td>
<td><b>Attribute(s)</b></td>
<td width="30%"><b>Exception</b></td>
<td width="10%"><b>Time (seconds)</b></td>
<td><b>Instance</b></td>
</tr>
<tr>
<td title='LearnTestNG.TestSenario2.first_testcase()'><b>first_testcase</b><br>Test class: LearnTestNG.TestSenario2</td>
<td><div><pre>java.lang.AssertionError: expected [Testing] but found [Test]
	at LearnTestNG.TestSenario2.first_testcase(TestSenario2.java:14)
	at java.base/java.util.ArrayList.forEach(ArrayList.java:1511)
... Removed 33 stack frames</pre></div><a href='#' onClick='toggleBox("stack-trace1807015220", this, "Click to show all stack frames", "Click to hide stack frames")'>Click to show all stack frames</a>
<div class='stack-trace' id='stack-trace1807015220'><pre>java.lang.AssertionError: expected [Testing] but found [Test]
	at org.testng.Assert.fail(Assert.java:111)
	at org.testng.Assert.failNotEquals(Assert.java:1578)
	at org.testng.Assert.assertEqualsImpl(Assert.java:150)
	at org.testng.Assert.assertEquals(Assert.java:132)
	at org.testng.Assert.assertEquals(Assert.java:656)
	at org.testng.Assert.assertEquals(Assert.java:666)
	at LearnTestNG.TestSenario2.first_testcase(TestSenario2.java:14)
	at java.base/jdk.internal.reflect.NativeMethodAccessorImpl.invoke0(Native Method)
	at java.base/jdk.internal.reflect.NativeMethodAccessorImpl.invoke(NativeMethodAccessorImpl.java:77)
	at java.base/jdk.internal.reflect.DelegatingMethodAccessorImpl.invoke(DelegatingMethodAccessorImpl.java:43)
	at java.base/java.lang.reflect.Method.invoke(Method.java:568)
	at org.testng.internal.invokers.MethodInvocationHelper.invokeMethod(MethodInvocationHelper.java:139)
	at org.testng.internal.invokers.TestInvoker.invokeMethod(TestInvoker.java:664)
	at org.testng.internal.invokers.TestInvoker.invokeTestMethod(TestInvoker.java:227)
	at org.testng.internal.invokers.MethodRunner.runInSequence(MethodRunner.java:50)
	at org.testng.internal.invokers.TestInvoker$MethodInvocationAgent.invoke(TestInvoker.java:957)
	at org.testng.internal.invokers.TestInvoker.invokeTestMethods(TestInvoker.java:200)
	at org.testng.internal.invokers.TestMethodWorker.invokeTestMethods(TestMethodWorker.java:148)
	at org.testng.internal.invokers.TestMethodWorker.run(TestMethodWorker.java:128)
	at java.base/java.util.ArrayList.forEach(ArrayList.java:1511)
	at org.testng.TestRunner.privateRun(TestRunner.java:848)
	at org.testng.TestRunner.run(TestRunner.java:621)
	at org.testng.SuiteRunner.runTest(SuiteRunner.java:443)
	at org.testng.SuiteRunner.runSequentially(SuiteRunner.java:437)
	at org.testng.SuiteRunner.privateRun(SuiteRunner.java:397)
	at org.testng.SuiteRunner.run(SuiteRunner.java:336)
	at org.testng.SuiteRunnerWorker.runSuite(SuiteRunnerWorker.java:52)
	at org.testng.SuiteRunnerWorker.run(SuiteRunnerWorker.java:95)
	at org.testng.TestNG.runSuitesSequentially(TestNG.java:1280)
	at org.testng.TestNG.runSuitesLocally(TestNG.java:1200)
	at org.testng.TestNG.runSuites(TestNG.java:1114)
	at org.testng.TestNG.run(TestNG.java:1082)
	at org.testng.remote.AbstractRemoteTestNG.run(AbstractRemoteTestNG.java:115)
	at org.testng.remote.RemoteTestNG.initAndRun(RemoteTestNG.java:251)
	at org.testng.remote.RemoteTestNG.main(RemoteTestNG.java:77)
</pre></div></td>
<td>0</td>
<td>LearnTestNG.TestSenario2@13fd2ccd</td></tr>
<tr>
<td title='LearnTestNG.TestSenario8.third_testcase()'><b>third_testcase</b><br>Test class: LearnTestNG.TestSenario8</td>
<td><div><pre>java.lang.AssertionError: expected [Testing] but found [Test]
	at LearnTestNG.TestSenario8.third_testcase(TestSenario8.java:27)
	at java.base/java.util.ArrayList.forEach(ArrayList.java:1511)
... Removed 33 stack frames</pre></div><a href='#' onClick='toggleBox("stack-trace940857381", this, "Click to show all stack frames", "Click to hide stack frames")'>Click to show all stack frames</a>
<div class='stack-trace' id='stack-trace940857381'><pre>java.lang.AssertionError: expected [Testing] but found [Test]
	at org.testng.Assert.fail(Assert.java:111)
	at org.testng.Assert.failNotEquals(Assert.java:1578)
	at org.testng.Assert.assertEqualsImpl(Assert.java:150)
	at org.testng.Assert.assertEquals(Assert.java:132)
	at org.testng.Assert.assertEquals(Assert.java:656)
	at org.testng.Assert.assertEquals(Assert.java:666)
	at LearnTestNG.TestSenario8.third_testcase(TestSenario8.java:27)
	at java.base/jdk.internal.reflect.NativeMethodAccessorImpl.invoke0(Native Method)
	at java.base/jdk.internal.reflect.NativeMethodAccessorImpl.invoke(NativeMethodAccessorImpl.java:77)
	at java.base/jdk.internal.reflect.DelegatingMethodAccessorImpl.invoke(DelegatingMethodAccessorImpl.java:43)
	at java.base/java.lang.reflect.Method.invoke(Method.java:568)
	at org.testng.internal.invokers.MethodInvocationHelper.invokeMethod(MethodInvocationHelper.java:139)
	at org.testng.internal.invokers.TestInvoker.invokeMethod(TestInvoker.java:664)
	at org.testng.internal.invokers.TestInvoker.invokeTestMethod(TestInvoker.java:227)
	at org.testng.internal.invokers.MethodRunner.runInSequence(MethodRunner.java:50)
	at org.testng.internal.invokers.TestInvoker$MethodInvocationAgent.invoke(TestInvoker.java:957)
	at org.testng.internal.invokers.TestInvoker.invokeTestMethods(TestInvoker.java:200)
	at org.testng.internal.invokers.TestMethodWorker.invokeTestMethods(TestMethodWorker.java:148)
	at org.testng.internal.invokers.TestMethodWorker.run(TestMethodWorker.java:128)
	at java.base/java.util.ArrayList.forEach(ArrayList.java:1511)
	at org.testng.TestRunner.privateRun(TestRunner.java:848)
	at org.testng.TestRunner.run(TestRunner.java:621)
	at org.testng.SuiteRunner.runTest(SuiteRunner.java:443)
	at org.testng.SuiteRunner.runSequentially(SuiteRunner.java:437)
	at org.testng.SuiteRunner.privateRun(SuiteRunner.java:397)
	at org.testng.SuiteRunner.run(SuiteRunner.java:336)
	at org.testng.SuiteRunnerWorker.runSuite(SuiteRunnerWorker.java:52)
	at org.testng.SuiteRunnerWorker.run(SuiteRunnerWorker.java:95)
	at org.testng.TestNG.runSuitesSequentially(TestNG.java:1280)
	at org.testng.TestNG.runSuitesLocally(TestNG.java:1200)
	at org.testng.TestNG.runSuites(TestNG.java:1114)
	at org.testng.TestNG.run(TestNG.java:1082)
	at org.testng.remote.AbstractRemoteTestNG.run(AbstractRemoteTestNG.java:115)
	at org.testng.remote.RemoteTestNG.initAndRun(RemoteTestNG.java:251)
	at org.testng.remote.RemoteTestNG.main(RemoteTestNG.java:77)
</pre></div></td>
<td>0</td>
<td>LearnTestNG.TestSenario8@67f639d3</td></tr>
<tr>
<td title='LearnTestNG.TestSenario8.second_testcase()'><b>second_testcase</b><br>Test class: LearnTestNG.TestSenario8</td>
<td><div><pre>java.lang.AssertionError: expected [Testing] but found [Test]
	at LearnTestNG.TestSenario8.second_testcase(TestSenario8.java:20)
	at java.base/java.util.ArrayList.forEach(ArrayList.java:1511)
... Removed 33 stack frames</pre></div><a href='#' onClick='toggleBox("stack-trace258535644", this, "Click to show all stack frames", "Click to hide stack frames")'>Click to show all stack frames</a>
<div class='stack-trace' id='stack-trace258535644'><pre>java.lang.AssertionError: expected [Testing] but found [Test]
	at org.testng.Assert.fail(Assert.java:111)
	at org.testng.Assert.failNotEquals(Assert.java:1578)
	at org.testng.Assert.assertEqualsImpl(Assert.java:150)
	at org.testng.Assert.assertEquals(Assert.java:132)
	at org.testng.Assert.assertEquals(Assert.java:656)
	at org.testng.Assert.assertEquals(Assert.java:666)
	at LearnTestNG.TestSenario8.second_testcase(TestSenario8.java:20)
	at java.base/jdk.internal.reflect.NativeMethodAccessorImpl.invoke0(Native Method)
	at java.base/jdk.internal.reflect.NativeMethodAccessorImpl.invoke(NativeMethodAccessorImpl.java:77)
	at java.base/jdk.internal.reflect.DelegatingMethodAccessorImpl.invoke(DelegatingMethodAccessorImpl.java:43)
	at java.base/java.lang.reflect.Method.invoke(Method.java:568)
	at org.testng.internal.invokers.MethodInvocationHelper.invokeMethod(MethodInvocationHelper.java:139)
	at org.testng.internal.invokers.TestInvoker.invokeMethod(TestInvoker.java:664)
	at org.testng.internal.invokers.TestInvoker.invokeTestMethod(TestInvoker.java:227)
	at org.testng.internal.invokers.MethodRunner.runInSequence(MethodRunner.java:50)
	at org.testng.internal.invokers.TestInvoker$MethodInvocationAgent.invoke(TestInvoker.java:957)
	at org.testng.internal.invokers.TestInvoker.invokeTestMethods(TestInvoker.java:200)
	at org.testng.internal.invokers.TestMethodWorker.invokeTestMethods(TestMethodWorker.java:148)
	at org.testng.internal.invokers.TestMethodWorker.run(TestMethodWorker.java:128)
	at java.base/java.util.ArrayList.forEach(ArrayList.java:1511)
	at org.testng.TestRunner.privateRun(TestRunner.java:848)
	at org.testng.TestRunner.run(TestRunner.java:621)
	at org.testng.SuiteRunner.runTest(SuiteRunner.java:443)
	at org.testng.SuiteRunner.runSequentially(SuiteRunner.java:437)
	at org.testng.SuiteRunner.privateRun(SuiteRunner.java:397)
	at org.testng.SuiteRunner.run(SuiteRunner.java:336)
	at org.testng.SuiteRunnerWorker.runSuite(SuiteRunnerWorker.java:52)
	at org.testng.SuiteRunnerWorker.run(SuiteRunnerWorker.java:95)
	at org.testng.TestNG.runSuitesSequentially(TestNG.java:1280)
	at org.testng.TestNG.runSuitesLocally(TestNG.java:1200)
	at org.testng.TestNG.runSuites(TestNG.java:1114)
	at org.testng.TestNG.run(TestNG.java:1082)
	at org.testng.remote.AbstractRemoteTestNG.run(AbstractRemoteTestNG.java:115)
	at org.testng.remote.RemoteTestNG.initAndRun(RemoteTestNG.java:251)
	at org.testng.remote.RemoteTestNG.main(RemoteTestNG.java:77)
</pre></div></td>
<td>0</td>
<td>LearnTestNG.TestSenario8@67f639d3</td></tr>
<tr>
<td title='LearnTestNG.TestSenario5.third_testcase()'><b>third_testcase</b><br>Test class: LearnTestNG.TestSenario5</td>
<td><div><pre>java.lang.AssertionError: expected [Testing] but found [Test]
	at LearnTestNG.TestSenario5.third_testcase(TestSenario5.java:27)
	at java.base/java.util.ArrayList.forEach(ArrayList.java:1511)
... Removed 33 stack frames</pre></div><a href='#' onClick='toggleBox("stack-trace1541525668", this, "Click to show all stack frames", "Click to hide stack frames")'>Click to show all stack frames</a>
<div class='stack-trace' id='stack-trace1541525668'><pre>java.lang.AssertionError: expected [Testing] but found [Test]
	at org.testng.Assert.fail(Assert.java:111)
	at org.testng.Assert.failNotEquals(Assert.java:1578)
	at org.testng.Assert.assertEqualsImpl(Assert.java:150)
	at org.testng.Assert.assertEquals(Assert.java:132)
	at org.testng.Assert.assertEquals(Assert.java:656)
	at org.testng.Assert.assertEquals(Assert.java:666)
	at LearnTestNG.TestSenario5.third_testcase(TestSenario5.java:27)
	at java.base/jdk.internal.reflect.NativeMethodAccessorImpl.invoke0(Native Method)
	at java.base/jdk.internal.reflect.NativeMethodAccessorImpl.invoke(NativeMethodAccessorImpl.java:77)
	at java.base/jdk.internal.reflect.DelegatingMethodAccessorImpl.invoke(DelegatingMethodAccessorImpl.java:43)
	at java.base/java.lang.reflect.Method.invoke(Method.java:568)
	at org.testng.internal.invokers.MethodInvocationHelper.invokeMethod(MethodInvocationHelper.java:139)
	at org.testng.internal.invokers.TestInvoker.invokeMethod(TestInvoker.java:664)
	at org.testng.internal.invokers.TestInvoker.invokeTestMethod(TestInvoker.java:227)
	at org.testng.internal.invokers.MethodRunner.runInSequence(MethodRunner.java:50)
	at org.testng.internal.invokers.TestInvoker$MethodInvocationAgent.invoke(TestInvoker.java:957)
	at org.testng.internal.invokers.TestInvoker.invokeTestMethods(TestInvoker.java:200)
	at org.testng.internal.invokers.TestMethodWorker.invokeTestMethods(TestMethodWorker.java:148)
	at org.testng.internal.invokers.TestMethodWorker.run(TestMethodWorker.java:128)
	at java.base/java.util.ArrayList.forEach(ArrayList.java:1511)
	at org.testng.TestRunner.privateRun(TestRunner.java:848)
	at org.testng.TestRunner.run(TestRunner.java:621)
	at org.testng.SuiteRunner.runTest(SuiteRunner.java:443)
	at org.testng.SuiteRunner.runSequentially(SuiteRunner.java:437)
	at org.testng.SuiteRunner.privateRun(SuiteRunner.java:397)
	at org.testng.SuiteRunner.run(SuiteRunner.java:336)
	at org.testng.SuiteRunnerWorker.runSuite(SuiteRunnerWorker.java:52)
	at org.testng.SuiteRunnerWorker.run(SuiteRunnerWorker.java:95)
	at org.testng.TestNG.runSuitesSequentially(TestNG.java:1280)
	at org.testng.TestNG.runSuitesLocally(TestNG.java:1200)
	at org.testng.TestNG.runSuites(TestNG.java:1114)
	at org.testng.TestNG.run(TestNG.java:1082)
	at org.testng.remote.AbstractRemoteTestNG.run(AbstractRemoteTestNG.java:115)
	at org.testng.remote.RemoteTestNG.initAndRun(RemoteTestNG.java:251)
	at org.testng.remote.RemoteTestNG.main(RemoteTestNG.java:77)
</pre></div></td>
<td>0</td>
<td>LearnTestNG.TestSenario5@29215f06</td></tr>
<tr>
<td title='LearnTestNG.TestSenario5.forth_testcase()'><b>forth_testcase</b><br>Test class: LearnTestNG.TestSenario5</td>
<td><div><pre>java.lang.AssertionError: expected [Testing] but found [Test]
	at LearnTestNG.TestSenario5.forth_testcase(TestSenario5.java:34)
	at java.base/java.util.ArrayList.forEach(ArrayList.java:1511)
... Removed 33 stack frames</pre></div><a href='#' onClick='toggleBox("stack-trace504807594", this, "Click to show all stack frames", "Click to hide stack frames")'>Click to show all stack frames</a>
<div class='stack-trace' id='stack-trace504807594'><pre>java.lang.AssertionError: expected [Testing] but found [Test]
	at org.testng.Assert.fail(Assert.java:111)
	at org.testng.Assert.failNotEquals(Assert.java:1578)
	at org.testng.Assert.assertEqualsImpl(Assert.java:150)
	at org.testng.Assert.assertEquals(Assert.java:132)
	at org.testng.Assert.assertEquals(Assert.java:656)
	at org.testng.Assert.assertEquals(Assert.java:666)
	at LearnTestNG.TestSenario5.forth_testcase(TestSenario5.java:34)
	at java.base/jdk.internal.reflect.NativeMethodAccessorImpl.invoke0(Native Method)
	at java.base/jdk.internal.reflect.NativeMethodAccessorImpl.invoke(NativeMethodAccessorImpl.java:77)
	at java.base/jdk.internal.reflect.DelegatingMethodAccessorImpl.invoke(DelegatingMethodAccessorImpl.java:43)
	at java.base/java.lang.reflect.Method.invoke(Method.java:568)
	at org.testng.internal.invokers.MethodInvocationHelper.invokeMethod(MethodInvocationHelper.java:139)
	at org.testng.internal.invokers.TestInvoker.invokeMethod(TestInvoker.java:664)
	at org.testng.internal.invokers.TestInvoker.invokeTestMethod(TestInvoker.java:227)
	at org.testng.internal.invokers.MethodRunner.runInSequence(MethodRunner.java:50)
	at org.testng.internal.invokers.TestInvoker$MethodInvocationAgent.invoke(TestInvoker.java:957)
	at org.testng.internal.invokers.TestInvoker.invokeTestMethods(TestInvoker.java:200)
	at org.testng.internal.invokers.TestMethodWorker.invokeTestMethods(TestMethodWorker.java:148)
	at org.testng.internal.invokers.TestMethodWorker.run(TestMethodWorker.java:128)
	at java.base/java.util.ArrayList.forEach(ArrayList.java:1511)
	at org.testng.TestRunner.privateRun(TestRunner.java:848)
	at org.testng.TestRunner.run(TestRunner.java:621)
	at org.testng.SuiteRunner.runTest(SuiteRunner.java:443)
	at org.testng.SuiteRunner.runSequentially(SuiteRunner.java:437)
	at org.testng.SuiteRunner.privateRun(SuiteRunner.java:397)
	at org.testng.SuiteRunner.run(SuiteRunner.java:336)
	at org.testng.SuiteRunnerWorker.runSuite(SuiteRunnerWorker.java:52)
	at org.testng.SuiteRunnerWorker.run(SuiteRunnerWorker.java:95)
	at org.testng.TestNG.runSuitesSequentially(TestNG.java:1280)
	at org.testng.TestNG.runSuitesLocally(TestNG.java:1200)
	at org.testng.TestNG.runSuites(TestNG.java:1114)
	at org.testng.TestNG.run(TestNG.java:1082)
	at org.testng.remote.AbstractRemoteTestNG.run(AbstractRemoteTestNG.java:115)
	at org.testng.remote.RemoteTestNG.initAndRun(RemoteTestNG.java:251)
	at org.testng.remote.RemoteTestNG.main(RemoteTestNG.java:77)
</pre></div></td>
<td>0</td>
<td>LearnTestNG.TestSenario5@29215f06</td></tr>
<tr>
<td title='LearnTestNG.TestSenario5.second_testcase()'><b>second_testcase</b><br>Test class: LearnTestNG.TestSenario5</td>
<td><div><pre>java.lang.AssertionError: expected [Testing] but found [Test]
	at LearnTestNG.TestSenario5.second_testcase(TestSenario5.java:20)
	at java.base/java.util.ArrayList.forEach(ArrayList.java:1511)
... Removed 33 stack frames</pre></div><a href='#' onClick='toggleBox("stack-trace131872530", this, "Click to show all stack frames", "Click to hide stack frames")'>Click to show all stack frames</a>
<div class='stack-trace' id='stack-trace131872530'><pre>java.lang.AssertionError: expected [Testing] but found [Test]
	at org.testng.Assert.fail(Assert.java:111)
	at org.testng.Assert.failNotEquals(Assert.java:1578)
	at org.testng.Assert.assertEqualsImpl(Assert.java:150)
	at org.testng.Assert.assertEquals(Assert.java:132)
	at org.testng.Assert.assertEquals(Assert.java:656)
	at org.testng.Assert.assertEquals(Assert.java:666)
	at LearnTestNG.TestSenario5.second_testcase(TestSenario5.java:20)
	at java.base/jdk.internal.reflect.NativeMethodAccessorImpl.invoke0(Native Method)
	at java.base/jdk.internal.reflect.NativeMethodAccessorImpl.invoke(NativeMethodAccessorImpl.java:77)
	at java.base/jdk.internal.reflect.DelegatingMethodAccessorImpl.invoke(DelegatingMethodAccessorImpl.java:43)
	at java.base/java.lang.reflect.Method.invoke(Method.java:568)
	at org.testng.internal.invokers.MethodInvocationHelper.invokeMethod(MethodInvocationHelper.java:139)
	at org.testng.internal.invokers.TestInvoker.invokeMethod(TestInvoker.java:664)
	at org.testng.internal.invokers.TestInvoker.invokeTestMethod(TestInvoker.java:227)
	at org.testng.internal.invokers.MethodRunner.runInSequence(MethodRunner.java:50)
	at org.testng.internal.invokers.TestInvoker$MethodInvocationAgent.invoke(TestInvoker.java:957)
	at org.testng.internal.invokers.TestInvoker.invokeTestMethods(TestInvoker.java:200)
	at org.testng.internal.invokers.TestMethodWorker.invokeTestMethods(TestMethodWorker.java:148)
	at org.testng.internal.invokers.TestMethodWorker.run(TestMethodWorker.java:128)
	at java.base/java.util.ArrayList.forEach(ArrayList.java:1511)
	at org.testng.TestRunner.privateRun(TestRunner.java:848)
	at org.testng.TestRunner.run(TestRunner.java:621)
	at org.testng.SuiteRunner.runTest(SuiteRunner.java:443)
	at org.testng.SuiteRunner.runSequentially(SuiteRunner.java:437)
	at org.testng.SuiteRunner.privateRun(SuiteRunner.java:397)
	at org.testng.SuiteRunner.run(SuiteRunner.java:336)
	at org.testng.SuiteRunnerWorker.runSuite(SuiteRunnerWorker.java:52)
	at org.testng.SuiteRunnerWorker.run(SuiteRunnerWorker.java:95)
	at org.testng.TestNG.runSuitesSequentially(TestNG.java:1280)
	at org.testng.TestNG.runSuitesLocally(TestNG.java:1200)
	at org.testng.TestNG.runSuites(TestNG.java:1114)
	at org.testng.TestNG.run(TestNG.java:1082)
	at org.testng.remote.AbstractRemoteTestNG.run(AbstractRemoteTestNG.java:115)
	at org.testng.remote.RemoteTestNG.initAndRun(RemoteTestNG.java:251)
	at org.testng.remote.RemoteTestNG.main(RemoteTestNG.java:77)
</pre></div></td>
<td>0</td>
<td>LearnTestNG.TestSenario5@29215f06</td></tr>
<tr>
<td title='LearnTestNG.TestSenario6.first_testcase()'><b>first_testcase</b><br>Test class: LearnTestNG.TestSenario6</td>
<td><div><pre>java.lang.AssertionError: expected [Testing] but found [Test]
	at LearnTestNG.TestSenario6.first_testcase(TestSenario6.java:14)
	at java.base/java.util.ArrayList.forEach(ArrayList.java:1511)
... Removed 33 stack frames</pre></div><a href='#' onClick='toggleBox("stack-trace2100440237", this, "Click to show all stack frames", "Click to hide stack frames")'>Click to show all stack frames</a>
<div class='stack-trace' id='stack-trace2100440237'><pre>java.lang.AssertionError: expected [Testing] but found [Test]
	at org.testng.Assert.fail(Assert.java:111)
	at org.testng.Assert.failNotEquals(Assert.java:1578)
	at org.testng.Assert.assertEqualsImpl(Assert.java:150)
	at org.testng.Assert.assertEquals(Assert.java:132)
	at org.testng.Assert.assertEquals(Assert.java:656)
	at org.testng.Assert.assertEquals(Assert.java:666)
	at LearnTestNG.TestSenario6.first_testcase(TestSenario6.java:14)
	at java.base/jdk.internal.reflect.NativeMethodAccessorImpl.invoke0(Native Method)
	at java.base/jdk.internal.reflect.NativeMethodAccessorImpl.invoke(NativeMethodAccessorImpl.java:77)
	at java.base/jdk.internal.reflect.DelegatingMethodAccessorImpl.invoke(DelegatingMethodAccessorImpl.java:43)
	at java.base/java.lang.reflect.Method.invoke(Method.java:568)
	at org.testng.internal.invokers.MethodInvocationHelper.invokeMethod(MethodInvocationHelper.java:139)
	at org.testng.internal.invokers.TestInvoker.invokeMethod(TestInvoker.java:664)
	at org.testng.internal.invokers.TestInvoker.invokeTestMethod(TestInvoker.java:227)
	at org.testng.internal.invokers.MethodRunner.runInSequence(MethodRunner.java:50)
	at org.testng.internal.invokers.TestInvoker$MethodInvocationAgent.invoke(TestInvoker.java:957)
	at org.testng.internal.invokers.TestInvoker.invokeTestMethods(TestInvoker.java:200)
	at org.testng.internal.invokers.TestMethodWorker.invokeTestMethods(TestMethodWorker.java:148)
	at org.testng.internal.invokers.TestMethodWorker.run(TestMethodWorker.java:128)
	at java.base/java.util.ArrayList.forEach(ArrayList.java:1511)
	at org.testng.TestRunner.privateRun(TestRunner.java:848)
	at org.testng.TestRunner.run(TestRunner.java:621)
	at org.testng.SuiteRunner.runTest(SuiteRunner.java:443)
	at org.testng.SuiteRunner.runSequentially(SuiteRunner.java:437)
	at org.testng.SuiteRunner.privateRun(SuiteRunner.java:397)
	at org.testng.SuiteRunner.run(SuiteRunner.java:336)
	at org.testng.SuiteRunnerWorker.runSuite(SuiteRunnerWorker.java:52)
	at org.testng.SuiteRunnerWorker.run(SuiteRunnerWorker.java:95)
	at org.testng.TestNG.runSuitesSequentially(TestNG.java:1280)
	at org.testng.TestNG.runSuitesLocally(TestNG.java:1200)
	at org.testng.TestNG.runSuites(TestNG.java:1114)
	at org.testng.TestNG.run(TestNG.java:1082)
	at org.testng.remote.AbstractRemoteTestNG.run(AbstractRemoteTestNG.java:115)
	at org.testng.remote.RemoteTestNG.initAndRun(RemoteTestNG.java:251)
	at org.testng.remote.RemoteTestNG.main(RemoteTestNG.java:77)
</pre></div></td>
<td>0</td>
<td>LearnTestNG.TestSenario6@59505b48</td></tr>
<tr>
<td title='LearnTestNG.TestSenario6.third_testcase()'><b>third_testcase</b><br>Test class: LearnTestNG.TestSenario6</td>
<td><div><pre>java.lang.AssertionError: expected [Testing] but found [Test]
	at LearnTestNG.TestSenario6.third_testcase(TestSenario6.java:27)
	at java.base/java.util.ArrayList.forEach(ArrayList.java:1511)
... Removed 33 stack frames</pre></div><a href='#' onClick='toggleBox("stack-trace1889057031", this, "Click to show all stack frames", "Click to hide stack frames")'>Click to show all stack frames</a>
<div class='stack-trace' id='stack-trace1889057031'><pre>java.lang.AssertionError: expected [Testing] but found [Test]
	at org.testng.Assert.fail(Assert.java:111)
	at org.testng.Assert.failNotEquals(Assert.java:1578)
	at org.testng.Assert.assertEqualsImpl(Assert.java:150)
	at org.testng.Assert.assertEquals(Assert.java:132)
	at org.testng.Assert.assertEquals(Assert.java:656)
	at org.testng.Assert.assertEquals(Assert.java:666)
	at LearnTestNG.TestSenario6.third_testcase(TestSenario6.java:27)
	at java.base/jdk.internal.reflect.NativeMethodAccessorImpl.invoke0(Native Method)
	at java.base/jdk.internal.reflect.NativeMethodAccessorImpl.invoke(NativeMethodAccessorImpl.java:77)
	at java.base/jdk.internal.reflect.DelegatingMethodAccessorImpl.invoke(DelegatingMethodAccessorImpl.java:43)
	at java.base/java.lang.reflect.Method.invoke(Method.java:568)
	at org.testng.internal.invokers.MethodInvocationHelper.invokeMethod(MethodInvocationHelper.java:139)
	at org.testng.internal.invokers.TestInvoker.invokeMethod(TestInvoker.java:664)
	at org.testng.internal.invokers.TestInvoker.invokeTestMethod(TestInvoker.java:227)
	at org.testng.internal.invokers.MethodRunner.runInSequence(MethodRunner.java:50)
	at org.testng.internal.invokers.TestInvoker$MethodInvocationAgent.invoke(TestInvoker.java:957)
	at org.testng.internal.invokers.TestInvoker.invokeTestMethods(TestInvoker.java:200)
	at org.testng.internal.invokers.TestMethodWorker.invokeTestMethods(TestMethodWorker.java:148)
	at org.testng.internal.invokers.TestMethodWorker.run(TestMethodWorker.java:128)
	at java.base/java.util.ArrayList.forEach(ArrayList.java:1511)
	at org.testng.TestRunner.privateRun(TestRunner.java:848)
	at org.testng.TestRunner.run(TestRunner.java:621)
	at org.testng.SuiteRunner.runTest(SuiteRunner.java:443)
	at org.testng.SuiteRunner.runSequentially(SuiteRunner.java:437)
	at org.testng.SuiteRunner.privateRun(SuiteRunner.java:397)
	at org.testng.SuiteRunner.run(SuiteRunner.java:336)
	at org.testng.SuiteRunnerWorker.runSuite(SuiteRunnerWorker.java:52)
	at org.testng.SuiteRunnerWorker.run(SuiteRunnerWorker.java:95)
	at org.testng.TestNG.runSuitesSequentially(TestNG.java:1280)
	at org.testng.TestNG.runSuitesLocally(TestNG.java:1200)
	at org.testng.TestNG.runSuites(TestNG.java:1114)
	at org.testng.TestNG.run(TestNG.java:1082)
	at org.testng.remote.AbstractRemoteTestNG.run(AbstractRemoteTestNG.java:115)
	at org.testng.remote.RemoteTestNG.initAndRun(RemoteTestNG.java:251)
	at org.testng.remote.RemoteTestNG.main(RemoteTestNG.java:77)
</pre></div></td>
<td>0</td>
<td>LearnTestNG.TestSenario6@59505b48</td></tr>
</table><p>
<table width='100%' border='1' class='invocation-passed'>
<tr><td colspan='4' align='center'><b>PASSED TESTS</b></td></tr>
<tr><td><b>Test method</b></td>
<td><b>Attribute(s)</b></td>
<td width="30%"><b>Exception</b></td>
<td width="10%"><b>Time (seconds)</b></td>
<td><b>Instance</b></td>
</tr>
<tr>
<td title='LearnTestNG.TestSenario1.eigth_testcase()'><b>eigth_testcase</b><br>Test class: LearnTestNG.TestSenario1</td>
<td></td>
<td>0</td>
<td>LearnTestNG.TestSenario1@48aca48b</td></tr>
<tr>
<td title='LearnTestNG.TestSenario9.seventh_testcase()'><b>seventh_testcase</b><br>Test class: LearnTestNG.TestSenario9</td>
<td></td>
<td>0</td>
<td>LearnTestNG.TestSenario9@d9345cd</td></tr>
<tr>
<td title='LearnTestNG.TestSenario5.sixth_testcase()'><b>sixth_testcase</b><br>Test class: LearnTestNG.TestSenario5</td>
<td></td>
<td>0</td>
<td>LearnTestNG.TestSenario5@29215f06</td></tr>
<tr>
<td title='LearnTestNG.TestSenario2.third_testcase()'><b>third_testcase</b><br>Test class: LearnTestNG.TestSenario2</td>
<td></td>
<td>0</td>
<td>LearnTestNG.TestSenario2@13fd2ccd</td></tr>
<tr>
<td title='LearnTestNG.TestSenario4.eigth_testcase()'><b>eigth_testcase</b><br>Test class: LearnTestNG.TestSenario4</td>
<td></td>
<td>0</td>
<td>LearnTestNG.TestSenario4@2d710f1a</td></tr>
<tr>
<td title='LearnTestNG.TestSenario7.forth_testcase()'><b>forth_testcase</b><br>Test class: LearnTestNG.TestSenario7</td>
<td></td>
<td>0</td>
<td>LearnTestNG.TestSenario7@4efac082</td></tr>
<tr>
<td title='LearnTestNG.TestSenario10.fifth_testcase()'><b>fifth_testcase</b><br>Test class: LearnTestNG.TestSenario10</td>
<td></td>
<td>0</td>
<td>LearnTestNG.TestSenario10@6bd61f98</td></tr>
<tr>
<td title='LearnTestNG.TestSenario5.eigth_testcase()'><b>eigth_testcase</b><br>Test class: LearnTestNG.TestSenario5</td>
<td></td>
<td>0</td>
<td>LearnTestNG.TestSenario5@29215f06</td></tr>
<tr>
<td title='LearnTestNG.TestSenario3.first_testcase()'><b>first_testcase</b><br>Test class: LearnTestNG.TestSenario3</td>
<td></td>
<td>0</td>
<td>LearnTestNG.TestSenario3@b9b00e0</td></tr>
<tr>
<td title='LearnTestNG.TestSenario7.eigth_testcase()'><b>eigth_testcase</b><br>Test class: LearnTestNG.TestSenario7</td>
<td></td>
<td>0</td>
<td>LearnTestNG.TestSenario7@4efac082</td></tr>
<tr>
<td title='LearnTestNG.TestSenario10.forth_testcase()'><b>forth_testcase</b><br>Test class: LearnTestNG.TestSenario10</td>
<td></td>
<td>0</td>
<td>LearnTestNG.TestSenario10@6bd61f98</td></tr>
<tr>
<td title='LearnTestNG.TestSenario2.eigth_testcase()'><b>eigth_testcase</b><br>Test class: LearnTestNG.TestSenario2</td>
<td></td>
<td>0</td>
<td>LearnTestNG.TestSenario2@13fd2ccd</td></tr>
<tr>
<td title='LearnTestNG.TestSenario5.tenth_testcase()'><b>tenth_testcase</b><br>Test class: LearnTestNG.TestSenario5</td>
<td></td>
<td>0</td>
<td>LearnTestNG.TestSenario5@29215f06</td></tr>
<tr>
<td title='LearnTestNG.TestSenario10.third_testcase()'><b>third_testcase</b><br>Test class: LearnTestNG.TestSenario10</td>
<td></td>
<td>0</td>
<td>LearnTestNG.TestSenario10@6bd61f98</td></tr>
<tr>
<td title='LearnTestNG.TestSenario4.first_testcase()'><b>first_testcase</b><br>Test class: LearnTestNG.TestSenario4</td>
<td></td>
<td>0</td>
<td>LearnTestNG.TestSenario4@2d710f1a</td></tr>
<tr>
<td title='LearnTestNG.TestSenario2.forth_testcase()'><b>forth_testcase</b><br>Test class: LearnTestNG.TestSenario2</td>
<td></td>
<td>0</td>
<td>LearnTestNG.TestSenario2@13fd2ccd</td></tr>
<tr>
<td title='LearnTestNG.TestSenario8.tenth_testcase()'><b>tenth_testcase</b><br>Test class: LearnTestNG.TestSenario8</td>
<td></td>
<td>0</td>
<td>LearnTestNG.TestSenario8@67f639d3</td></tr>
<tr>
<td title='LearnTestNG.TestSenario2.tenth_testcase()'><b>tenth_testcase</b><br>Test class: LearnTestNG.TestSenario2</td>
<td></td>
<td>0</td>
<td>LearnTestNG.TestSenario2@13fd2ccd</td></tr>
<tr>
<td title='LearnTestNG.TestSenario4.seventh_testcase()'><b>seventh_testcase</b><br>Test class: LearnTestNG.TestSenario4</td>
<td></td>
<td>0</td>
<td>LearnTestNG.TestSenario4@2d710f1a</td></tr>
<tr>
<td title='LearnTestNG.TestSenario9.first_testcase()'><b>first_testcase</b><br>Test class: LearnTestNG.TestSenario9</td>
<td></td>
<td>0</td>
<td>LearnTestNG.TestSenario9@d9345cd</td></tr>
<tr>
<td title='LearnTestNG.TestSenario1.forth_testcase()'><b>forth_testcase</b><br>Test class: LearnTestNG.TestSenario1</td>
<td></td>
<td>0</td>
<td>LearnTestNG.TestSenario1@48aca48b</td></tr>
<tr>
<td title='LearnTestNG.TestSenario1.tenth_testcase()'><b>tenth_testcase</b><br>Test class: LearnTestNG.TestSenario1</td>
<td></td>
<td>0</td>
<td>LearnTestNG.TestSenario1@48aca48b</td></tr>
<tr>
<td title='LearnTestNG.TestSenario6.eigth_testcase()'><b>eigth_testcase</b><br>Test class: LearnTestNG.TestSenario6</td>
<td></td>
<td>0</td>
<td>LearnTestNG.TestSenario6@59505b48</td></tr>
<tr>
<td title='LearnTestNG.TestSenario6.seventh_testcase()'><b>seventh_testcase</b><br>Test class: LearnTestNG.TestSenario6</td>
<td></td>
<td>0</td>
<td>LearnTestNG.TestSenario6@59505b48</td></tr>
<tr>
<td title='LearnTestNG.TestSenario1.seventh_testcase()'><b>seventh_testcase</b><br>Test class: LearnTestNG.TestSenario1</td>
<td></td>
<td>0</td>
<td>LearnTestNG.TestSenario1@48aca48b</td></tr>
<tr>
<td title='LearnTestNG.TestSenario9.third_testcase()'><b>third_testcase</b><br>Test class: LearnTestNG.TestSenario9</td>
<td></td>
<td>0</td>
<td>LearnTestNG.TestSenario9@d9345cd</td></tr>
<tr>
<td title='LearnTestNG.TestSenario5.first_testcase()'><b>first_testcase</b><br>Test class: LearnTestNG.TestSenario5</td>
<td></td>
<td>0</td>
<td>LearnTestNG.TestSenario5@29215f06</td></tr>
<tr>
<td title='LearnTestNG.TestSenario7.fifth_testcase()'><b>fifth_testcase</b><br>Test class: LearnTestNG.TestSenario7</td>
<td></td>
<td>0</td>
<td>LearnTestNG.TestSenario7@4efac082</td></tr>
<tr>
<td title='LearnTestNG.TestSenario9.sixth_testcase()'><b>sixth_testcase</b><br>Test class: LearnTestNG.TestSenario9</td>
<td></td>
<td>0</td>
<td>LearnTestNG.TestSenario9@d9345cd</td></tr>
<tr>
<td title='LearnTestNG.TestSenario7.ninth_testcase()'><b>ninth_testcase</b><br>Test class: LearnTestNG.TestSenario7</td>
<td></td>
<td>0</td>
<td>LearnTestNG.TestSenario7@4efac082</td></tr>
<tr>
<td title='LearnTestNG.TestSenario8.seventh_testcase()'><b>seventh_testcase</b><br>Test class: LearnTestNG.TestSenario8</td>
<td></td>
<td>0</td>
<td>LearnTestNG.TestSenario8@67f639d3</td></tr>
<tr>
<td title='LearnTestNG.TestSenario9.fifth_testcase()'><b>fifth_testcase</b><br>Test class: LearnTestNG.TestSenario9</td>
<td></td>
<td>0</td>
<td>LearnTestNG.TestSenario9@d9345cd</td></tr>
<tr>
<td title='LearnTestNG.TestSenario6.tenth_testcase()'><b>tenth_testcase</b><br>Test class: LearnTestNG.TestSenario6</td>
<td></td>
<td>0</td>
<td>LearnTestNG.TestSenario6@59505b48</td></tr>
<tr>
<td title='LearnTestNG.TestSenario10.eigth_testcase()'><b>eigth_testcase</b><br>Test class: LearnTestNG.TestSenario10</td>
<td></td>
<td>0</td>
<td>LearnTestNG.TestSenario10@6bd61f98</td></tr>
<tr>
<td title='LearnTestNG.TestSenario6.forth_testcase()'><b>forth_testcase</b><br>Test class: LearnTestNG.TestSenario6</td>
<td></td>
<td>0</td>
<td>LearnTestNG.TestSenario6@59505b48</td></tr>
<tr>
<td title='LearnTestNG.TestSenario10.tenth_testcase()'><b>tenth_testcase</b><br>Test class: LearnTestNG.TestSenario10</td>
<td></td>
<td>0</td>
<td>LearnTestNG.TestSenario10@6bd61f98</td></tr>
<tr>
<td title='LearnTestNG.TestSenario7.third_testcase()'><b>third_testcase</b><br>Test class: LearnTestNG.TestSenario7</td>
<td></td>
<td>0</td>
<td>LearnTestNG.TestSenario7@4efac082</td></tr>
<tr>
<td title='LearnTestNG.TestSenario9.eigth_testcase()'><b>eigth_testcase</b><br>Test class: LearnTestNG.TestSenario9</td>
<td></td>
<td>0</td>
<td>LearnTestNG.TestSenario9@d9345cd</td></tr>
<tr>
<td title='LearnTestNG.TestSenario7.tenth_testcase()'><b>tenth_testcase</b><br>Test class: LearnTestNG.TestSenario7</td>
<td></td>
<td>0</td>
<td>LearnTestNG.TestSenario7@4efac082</td></tr>
<tr>
<td title='LearnTestNG.TestSenario5.seventh_testcase()'><b>seventh_testcase</b><br>Test class: LearnTestNG.TestSenario5</td>
<td></td>
<td>0</td>
<td>LearnTestNG.TestSenario5@29215f06</td></tr>
<tr>
<td title='LearnTestNG.TestSenario3.third_testcase()'><b>third_testcase</b><br>Test class: LearnTestNG.TestSenario3</td>
<td></td>
<td>0</td>
<td>LearnTestNG.TestSenario3@b9b00e0</td></tr>
<tr>
<td title='LearnTestNG.TestSenario8.fifth_testcase()'><b>fifth_testcase</b><br>Test class: LearnTestNG.TestSenario8</td>
<td></td>
<td>0</td>
<td>LearnTestNG.TestSenario8@67f639d3</td></tr>
<tr>
<td title='LearnTestNG.TestSenario7.second_testcase()'><b>second_testcase</b><br>Test class: LearnTestNG.TestSenario7</td>
<td></td>
<td>0</td>
<td>LearnTestNG.TestSenario7@4efac082</td></tr>
<tr>
<td title='LearnTestNG.TestSenario2.fifth_testcase()'><b>fifth_testcase</b><br>Test class: LearnTestNG.TestSenario2</td>
<td></td>
<td>0</td>
<td>LearnTestNG.TestSenario2@13fd2ccd</td></tr>
<tr>
<td title='LearnTestNG.TestSenario9.ninth_testcase()'><b>ninth_testcase</b><br>Test class: LearnTestNG.TestSenario9</td>
<td></td>
<td>0</td>
<td>LearnTestNG.TestSenario9@d9345cd</td></tr>
<tr>
<td title='LearnTestNG.TestSenario7.first_testcase()'><b>first_testcase</b><br>Test class: LearnTestNG.TestSenario7</td>
<td></td>
<td>0</td>
<td>LearnTestNG.TestSenario7@4efac082</td></tr>
<tr>
<td title='LearnTestNG.TestSenario3.ninth_testcase()'><b>ninth_testcase</b><br>Test class: LearnTestNG.TestSenario3</td>
<td></td>
<td>0</td>
<td>LearnTestNG.TestSenario3@b9b00e0</td></tr>
<tr>
<td title='LearnTestNG.TestSenario9.second_testcase()'><b>second_testcase</b><br>Test class: LearnTestNG.TestSenario9</td>
<td></td>
<td>0</td>
<td>LearnTestNG.TestSenario9@d9345cd</td></tr>
<tr>
<td title='LearnTestNG.TestSenario6.second_testcase()'><b>second_testcase</b><br>Test class: LearnTestNG.TestSenario6</td>
<td></td>
<td>0</td>
<td>LearnTestNG.TestSenario6@59505b48</td></tr>
<tr>
<td title='LearnTestNG.TestSenario10.first_testcase()'><b>first_testcase</b><br>Test class: LearnTestNG.TestSenario10</td>
<td></td>
<td>0</td>
<td>LearnTestNG.TestSenario10@6bd61f98</td></tr>
<tr>
<td title='LearnTestNG.TestSenario4.tenth_testcase()'><b>tenth_testcase</b><br>Test class: LearnTestNG.TestSenario4</td>
<td></td>
<td>0</td>
<td>LearnTestNG.TestSenario4@2d710f1a</td></tr>
<tr>
<td title='LearnTestNG.TestSenario4.second_testcase()'><b>second_testcase</b><br>Test class: LearnTestNG.TestSenario4</td>
<td></td>
<td>0</td>
<td>LearnTestNG.TestSenario4@2d710f1a</td></tr>
<tr>
<td title='LearnTestNG.TestSenario2.sixth_testcase()'><b>sixth_testcase</b><br>Test class: LearnTestNG.TestSenario2</td>
<td></td>
<td>0</td>
<td>LearnTestNG.TestSenario2@13fd2ccd</td></tr>
<tr>
<td title='FirstPKG.TestNGDemo.math1()'><b>math1</b><br>Test class: FirstPKG.TestNGDemo</td>
<td></td>
<td>0</td>
<td>FirstPKG.TestNGDemo@428640fa</td></tr>
<tr>
<td title='LearnTestNG.TestSenario8.sixth_testcase()'><b>sixth_testcase</b><br>Test class: LearnTestNG.TestSenario8</td>
<td></td>
<td>0</td>
<td>LearnTestNG.TestSenario8@67f639d3</td></tr>
<tr>
<td title='LearnTestNG.TestSenario1.third_testcase()'><b>third_testcase</b><br>Test class: LearnTestNG.TestSenario1</td>
<td></td>
<td>0</td>
<td>LearnTestNG.TestSenario1@48aca48b</td></tr>
<tr>
<td title='LearnTestNG.TestSenario3.eigth_testcase()'><b>eigth_testcase</b><br>Test class: LearnTestNG.TestSenario3</td>
<td></td>
<td>0</td>
<td>LearnTestNG.TestSenario3@b9b00e0</td></tr>
<tr>
<td title='LearnTestNG.TestSenario3.fifth_testcase()'><b>fifth_testcase</b><br>Test class: LearnTestNG.TestSenario3</td>
<td></td>
<td>0</td>
<td>LearnTestNG.TestSenario3@b9b00e0</td></tr>
<tr>
<td title='LearnTestNG.TestSenario3.tenth_testcase()'><b>tenth_testcase</b><br>Test class: LearnTestNG.TestSenario3</td>
<td></td>
<td>0</td>
<td>LearnTestNG.TestSenario3@b9b00e0</td></tr>
<tr>
<td title='LearnTestNG.TestSenario4.forth_testcase()'><b>forth_testcase</b><br>Test class: LearnTestNG.TestSenario4</td>
<td></td>
<td>0</td>
<td>LearnTestNG.TestSenario4@2d710f1a</td></tr>
<tr>
<td title='LearnTestNG.TestSenario6.fifth_testcase()'><b>fifth_testcase</b><br>Test class: LearnTestNG.TestSenario6</td>
<td></td>
<td>0</td>
<td>LearnTestNG.TestSenario6@59505b48</td></tr>
<tr>
<td title='LearnTestNG.TestSenario2.seventh_testcase()'><b>seventh_testcase</b><br>Test class: LearnTestNG.TestSenario2</td>
<td></td>
<td>0</td>
<td>LearnTestNG.TestSenario2@13fd2ccd</td></tr>
<tr>
<td title='LearnTestNG.TestSenario9.tenth_testcase()'><b>tenth_testcase</b><br>Test class: LearnTestNG.TestSenario9</td>
<td></td>
<td>0</td>
<td>LearnTestNG.TestSenario9@d9345cd</td></tr>
<tr>
<td title='LearnTestNG.TestSenario1.sixth_testcase()'><b>sixth_testcase</b><br>Test class: LearnTestNG.TestSenario1</td>
<td></td>
<td>0</td>
<td>LearnTestNG.TestSenario1@48aca48b</td></tr>
<tr>
<td title='LearnTestNG.TestSenario9.forth_testcase()'><b>forth_testcase</b><br>Test class: LearnTestNG.TestSenario9</td>
<td></td>
<td>0</td>
<td>LearnTestNG.TestSenario9@d9345cd</td></tr>
<tr>
<td title='LearnTestNG.TestSenario4.ninth_testcase()'><b>ninth_testcase</b><br>Test class: LearnTestNG.TestSenario4</td>
<td></td>
<td>0</td>
<td>LearnTestNG.TestSenario4@2d710f1a</td></tr>
<tr>
<td title='LearnTestNG.TestSenario10.ninth_testcase()'><b>ninth_testcase</b><br>Test class: LearnTestNG.TestSenario10</td>
<td></td>
<td>0</td>
<td>LearnTestNG.TestSenario10@6bd61f98</td></tr>
<tr>
<td title='LearnTestNG.TestSenario3.forth_testcase()'><b>forth_testcase</b><br>Test class: LearnTestNG.TestSenario3</td>
<td></td>
<td>0</td>
<td>LearnTestNG.TestSenario3@b9b00e0</td></tr>
<tr>
<td title='LearnTestNG.TestSenario7.seventh_testcase()'><b>seventh_testcase</b><br>Test class: LearnTestNG.TestSenario7</td>
<td></td>
<td>0</td>
<td>LearnTestNG.TestSenario7@4efac082</td></tr>
<tr>
<td title='LearnTestNG.TestSenario10.second_testcase()'><b>second_testcase</b><br>Test class: LearnTestNG.TestSenario10</td>
<td></td>
<td>0</td>
<td>LearnTestNG.TestSenario10@6bd61f98</td></tr>
<tr>
<td title='LearnTestNG.TestSenario3.seventh_testcase()'><b>seventh_testcase</b><br>Test class: LearnTestNG.TestSenario3</td>
<td></td>
<td>0</td>
<td>LearnTestNG.TestSenario3@b9b00e0</td></tr>
<tr>
<td title='LearnTestNG.TestSenario2.ninth_testcase()'><b>ninth_testcase</b><br>Test class: LearnTestNG.TestSenario2</td>
<td></td>
<td>0</td>
<td>LearnTestNG.TestSenario2@13fd2ccd</td></tr>
<tr>
<td title='LearnTestNG.TestSenario1.first_testcase()'><b>first_testcase</b><br>Test class: LearnTestNG.TestSenario1</td>
<td></td>
<td>0</td>
<td>LearnTestNG.TestSenario1@48aca48b</td></tr>
<tr>
<td title='LearnTestNG.TestSenario4.third_testcase()'><b>third_testcase</b><br>Test class: LearnTestNG.TestSenario4</td>
<td></td>
<td>0</td>
<td>LearnTestNG.TestSenario4@2d710f1a</td></tr>
<tr>
<td title='LearnTestNG.TestSenario6.ninth_testcase()'><b>ninth_testcase</b><br>Test class: LearnTestNG.TestSenario6</td>
<td></td>
<td>0</td>
<td>LearnTestNG.TestSenario6@59505b48</td></tr>
<tr>
<td title='LearnTestNG.TestSenario8.forth_testcase()'><b>forth_testcase</b><br>Test class: LearnTestNG.TestSenario8</td>
<td></td>
<td>0</td>
<td>LearnTestNG.TestSenario8@67f639d3</td></tr>
<tr>
<td title='LearnTestNG.TestSenario4.sixth_testcase()'><b>sixth_testcase</b><br>Test class: LearnTestNG.TestSenario4</td>
<td></td>
<td>0</td>
<td>LearnTestNG.TestSenario4@2d710f1a</td></tr>
<tr>
<td title='LearnTestNG.TestSenario7.sixth_testcase()'><b>sixth_testcase</b><br>Test class: LearnTestNG.TestSenario7</td>
<td></td>
<td>0</td>
<td>LearnTestNG.TestSenario7@4efac082</td></tr>
<tr>
<td title='LearnTestNG.TestSenario6.sixth_testcase()'><b>sixth_testcase</b><br>Test class: LearnTestNG.TestSenario6</td>
<td></td>
<td>0</td>
<td>LearnTestNG.TestSenario6@59505b48</td></tr>
<tr>
<td title='LearnTestNG.TestSenario3.second_testcase()'><b>second_testcase</b><br>Test class: LearnTestNG.TestSenario3</td>
<td></td>
<td>0</td>
<td>LearnTestNG.TestSenario3@b9b00e0</td></tr>
<tr>
<td title='LearnTestNG.TestSenario3.sixth_testcase()'><b>sixth_testcase</b><br>Test class: LearnTestNG.TestSenario3</td>
<td></td>
<td>0</td>
<td>LearnTestNG.TestSenario3@b9b00e0</td></tr>
<tr>
<td title='LearnTestNG.TestSenario10.seventh_testcase()'><b>seventh_testcase</b><br>Test class: LearnTestNG.TestSenario10</td>
<td></td>
<td>0</td>
<td>LearnTestNG.TestSenario10@6bd61f98</td></tr>
<tr>
<td title='LearnTestNG.TestSenario1.ninth_testcase()'><b>ninth_testcase</b><br>Test class: LearnTestNG.TestSenario1</td>
<td></td>
<td>0</td>
<td>LearnTestNG.TestSenario1@48aca48b</td></tr>
<tr>
<td title='LearnTestNG.TestSenario10.sixth_testcase()'><b>sixth_testcase</b><br>Test class: LearnTestNG.TestSenario10</td>
<td></td>
<td>0</td>
<td>LearnTestNG.TestSenario10@6bd61f98</td></tr>
<tr>
<td title='LearnTestNG.TestSenario8.ninth_testcase()'><b>ninth_testcase</b><br>Test class: LearnTestNG.TestSenario8</td>
<td></td>
<td>0</td>
<td>LearnTestNG.TestSenario8@67f639d3</td></tr>
<tr>
<td title='LearnTestNG.TestSenario1.fifth_testcase()'><b>fifth_testcase</b><br>Test class: LearnTestNG.TestSenario1</td>
<td></td>
<td>0</td>
<td>LearnTestNG.TestSenario1@48aca48b</td></tr>
<tr>
<td title='LearnTestNG.TestSenario4.fifth_testcase()'><b>fifth_testcase</b><br>Test class: LearnTestNG.TestSenario4</td>
<td></td>
<td>0</td>
<td>LearnTestNG.TestSenario4@2d710f1a</td></tr>
<tr>
<td title='LearnTestNG.TestSenario8.eigth_testcase()'><b>eigth_testcase</b><br>Test class: LearnTestNG.TestSenario8</td>
<td></td>
<td>0</td>
<td>LearnTestNG.TestSenario8@67f639d3</td></tr>
<tr>
<td title='LearnTestNG.TestSenario2.second_testcase()'><b>second_testcase</b><br>Test class: LearnTestNG.TestSenario2</td>
<td></td>
<td>0</td>
<td>LearnTestNG.TestSenario2@13fd2ccd</td></tr>
<tr>
<td title='LearnTestNG.TestSenario8.first_testcase()'><b>first_testcase</b><br>Test class: LearnTestNG.TestSenario8</td>
<td></td>
<td>0</td>
<td>LearnTestNG.TestSenario8@67f639d3</td></tr>
<tr>
<td title='LearnTestNG.TestSenario1.second_testcase()'><b>second_testcase</b><br>Test class: LearnTestNG.TestSenario1</td>
<td></td>
<td>0</td>
<td>LearnTestNG.TestSenario1@48aca48b</td></tr>
<tr>
<td title='LearnTestNG.TestSenario5.fifth_testcase()'><b>fifth_testcase</b><br>Test class: LearnTestNG.TestSenario5</td>
<td></td>
<td>0</td>
<td>LearnTestNG.TestSenario5@29215f06</td></tr>
<tr>
<td title='LearnTestNG.TestSenario5.ninth_testcase()'><b>ninth_testcase</b><br>Test class: LearnTestNG.TestSenario5</td>
<td></td>
<td>0</td>
<td>LearnTestNG.TestSenario5@29215f06</td></tr>
</table><p>
</body>
</html>